<?xml version="1.0" encoding="UTF-8"?>
<!-- Generated by org.testng.reporters.JUnitReportReporter -->
<testsuite skipped="0" hostname="IN5CD5425F65" name="TestCases.LoginApplication" tests="1" failures="0" timestamp="19 Apr 2019 09:11:20 GMT" time="19.746" errors="0">
  <testcase name="Login" time="19.746" classname="TestCases.LoginApplication"/>
</testsuite> <!-- TestCases.LoginApplication -->
